[2025-05-01 15:52:44] Log file initialized: D:\SyncBoard\logs\syncboard_2025-05-01_15-52-44.log
Could not find icon: app_icon.png
Could not find icon: kick.png
Could not find icon: transfer.png
Could not find icon: select.png
Could not find icon: pen.png
Could not find icon: line.png
Could not find icon: rectangle.png
Could not find icon: oval.png
Could not find icon: text.png
Could not find icon: eraser.png
Could not find icon: color_picker.png
Could not find icon: fill.png
Could not find icon: font.png
Could not find icon: grid.png
Could not find icon: new.png
Could not find icon: exit.png
Could not find icon: open.png
Could not find icon: save.png
Could not find icon: save_as.png
Could not find icon: zoom_in.png
Could not find icon: zoom_out.png
Could not find icon: zoom_reset.png
Could not find icon: about.png
Could not find icon: user.png
Could not find icon: manager.png
Could not find icon: user.png
Could not find icon: manager.png
Could not find icon: user.png
Could not find icon: manager.png
Could not find icon: user.png
Could not find icon: manager.png
Could not find icon: user.png
Could not find icon: manager.png
Could not find icon: user.png
Could not find icon: manager.png
Could not find icon: user.png
Could not find icon: manager.png
Could not find icon: user.png
Could not find icon: manager.png
Could not find icon: user.png
Could not find icon: manager.png
Could not find icon: user.png
Could not find icon: manager.png
Could not find icon: user.png
Could not find icon: manager.png
Could not find icon: user.png
Could not find icon: manager.png
Could not find icon: user.png
Could not find icon: manager.png
Could not find icon: user.png
Could not find icon: manager.png
Could not find icon: user.png
Could not find icon: manager.png
Could not find icon: user.png
Could not find icon: manager.png
Could not find icon: user.png
Could not find icon: manager.png
Could not find icon: user.png
Could not find icon: manager.png
Could not find icon: user.png
Could not find icon: manager.png
Could not find icon: user.png
Could not find icon: manager.png
Could not find icon: user.png
Could not find icon: manager.png
Could not find icon: user.png
Could not find icon: manager.png
Could not find icon: user.png
Could not find icon: manager.png
Could not find icon: user.png
Could not find icon: manager.png
Could not find icon: user.png
Could not find icon: manager.png
Could not find icon: user.png
Could not find icon: manager.png
Could not find icon: user.png
Could not find icon: manager.png
Could not find icon: user.png
Could not find icon: manager.png
Could not find icon: user.png
Could not find icon: manager.png
Could not find icon: user.png
Could not find icon: manager.png
Could not find icon: user.png
Could not find icon: manager.png
Could not find icon: user.png
Could not find icon: manager.png
Could not find icon: user.png
Could not find icon: manager.png
Could not find icon: user.png
Could not find icon: manager.png
Could not find icon: user.png
Could not find icon: manager.png
Could not find icon: user.png
Could not find icon: manager.png
Could not find icon: user.png
Could not find icon: manager.png
Could not find icon: user.png
Could not find icon: manager.png
Could not find icon: user.png
Could not find icon: manager.png
Could not find icon: user.png
Could not find icon: manager.png
Could not find icon: user.png
Could not find icon: manager.png
Could not find icon: user.png
Could not find icon: manager.png
Could not find icon: user.png
Could not find icon: manager.png
Could not find icon: user.png
Could not find icon: manager.png
Could not find icon: user.png
Could not find icon: manager.png
Could not find icon: user.png
Could not find icon: manager.png
Could not find icon: user.png
Could not find icon: manager.png
Could not find icon: user.png
Could not find icon: manager.png
Could not find icon: user.png
Could not find icon: manager.png
Could not find icon: user.png
Could not find icon: manager.png
Could not find icon: user.png
Could not find icon: manager.png
Could not find icon: user.png
Could not find icon: manager.png
Could not find icon: user.png
Could not find icon: manager.png
Could not find icon: user.png
Could not find icon: manager.png
Could not find icon: user.png
Could not find icon: manager.png
Could not find icon: user.png
Could not find icon: manager.png
Could not find icon: user.png
Could not find icon: manager.png
Could not find icon: user.png
Could not find icon: manager.png
Could not find icon: user.png
Could not find icon: manager.png
Could not find icon: user.png
Could not find icon: manager.png
Could not find icon: user.png
Could not find icon: manager.png
Could not find icon: user.png
Could not find icon: manager.png
Could not find icon: user.png
Could not find icon: manager.png
Could not find icon: user.png
Could not find icon: manager.png
Could not find icon: user.png
Could not find icon: manager.png
Could not find icon: user.png
Could not find icon: manager.png
Could not find icon: user.png
Could not find icon: manager.png
Could not find icon: user.png
Could not find icon: manager.png
Could not find icon: user.png
Could not find icon: manager.png
Could not find icon: user.png
Could not find icon: manager.png
Could not find icon: user.png
Could not find icon: manager.png
Could not find icon: user.png
Could not find icon: manager.png
Could not find icon: user.png
Could not find icon: manager.png
Could not find icon: user.png
Could not find icon: manager.png
Could not find icon: user.png
Could not find icon: user.png
Could not find icon: user.png
Could not find icon: user.png
Could not find icon: user.png
Could not find icon: user.png
Could not find icon: user.png
Could not find icon: user.png
Could not find icon: user.png
Could not find icon: user.png
Could not find icon: user.png
Could not find icon: user.png
Could not find icon: user.png
Could not find icon: user.png
Could not find icon: user.png
Could not find icon: user.png
Could not find icon: user.png
Could not find icon: user.png
Could not find icon: user.png
Could not find icon: user.png
Could not find icon: user.png
Could not find icon: user.png
Could not find icon: user.png
Could not find icon: user.png
Could not find icon: user.png
Could not find icon: user.png
Could not find icon: user.png
Could not find icon: user.png
Could not find icon: user.png
Could not find icon: user.png
Could not find icon: user.png
Could not find icon: user.png
Could not find icon: user.png
Could not find icon: user.png
Could not find icon: user.png
Could not find icon: user.png
Could not find icon: user.png
Could not find icon: user.png
Could not find icon: user.png
Could not find icon: user.png
Could not find icon: user.png
Could not find icon: user.png
Could not find icon: user.png
Could not find icon: user.png
Could not find icon: user.png
Could not find icon: user.png
Could not find icon: user.png
Could not find icon: user.png
Could not find icon: user.png
Could not find icon: user.png
Could not find icon: user.png
Could not find icon: user.png
Could not find icon: user.png
Could not find icon: user.png
Could not find icon: user.png
Could not find icon: user.png
Could not find icon: user.png
Could not find icon: user.png
Could not find icon: user.png
Could not find icon: user.png
Could not find icon: user.png
Could not find icon: user.png
Could not find icon: user.png
Could not find icon: user.png
Could not find icon: user.png
Could not find icon: user.png
Could not find icon: user.png
Could not find icon: user.png
Could not find icon: user.png
Could not find icon: user.png
Could not find icon: user.png
Could not find icon: manager.png
Could not find icon: user.png
Could not find icon: manager.png
Exception in thread "AWT-EventQueue-0" java.security.AccessControlException: access denied ("java.lang.RuntimePermission" "accessClassInPackage.com.sun.java.swing.plaf.windows")
	at java.base/java.security.AccessControlContext.checkPermission(AccessControlContext.java:485)
	at java.base/java.security.AccessController.checkPermission(AccessController.java:1068)
	at java.base/java.lang.SecurityManager.checkPermission(SecurityManager.java:416)
	at java.base/java.lang.SecurityManager.checkPackageAccess(SecurityManager.java:1332)
	at java.base/sun.reflect.misc.ReflectUtil.checkPackageAccess(ReflectUtil.java:158)
	at java.desktop/javax.swing.UIDefaults.getUIClass(UIDefaults.java:714)
	at java.desktop/javax.swing.UIDefaults.getUI(UIDefaults.java:789)
	at java.desktop/javax.swing.UIManager.getUI(UIManager.java:1073)
	at java.desktop/javax.swing.JLabel.updateUI(JLabel.java:288)
	at java.desktop/javax.swing.JLabel.<init>(JLabel.java:180)
	at java.desktop/javax.swing.JLabel.<init>(JLabel.java:199)
	at java.desktop/javax.swing.plaf.basic.BasicOptionPaneUI.addMessageComponents(BasicOptionPaneUI.java:489)
	at java.desktop/javax.swing.plaf.basic.BasicOptionPaneUI.createMessageArea(BasicOptionPaneUI.java:376)
	at java.desktop/javax.swing.plaf.basic.BasicOptionPaneUI.installComponents(BasicOptionPaneUI.java:199)
	at java.desktop/javax.swing.plaf.basic.BasicOptionPaneUI.installUI(BasicOptionPaneUI.java:159)
	at java.desktop/javax.swing.JComponent.setUI(JComponent.java:730)
	at java.desktop/javax.swing.JOptionPane.setUI(JOptionPane.java:1857)
	at java.desktop/javax.swing.JOptionPane.updateUI(JOptionPane.java:1879)
	at java.desktop/javax.swing.JOptionPane.<init>(JOptionPane.java:1844)
	at java.desktop/javax.swing.JOptionPane.showOptionDialog(JOptionPane.java:868)
	at java.desktop/javax.swing.JOptionPane.showMessageDialog(JOptionPane.java:676)
	at java.desktop/javax.swing.JOptionPane.showMessageDialog(JOptionPane.java:647)
	at com.jaiswal.client.WhiteboardClient.lambda$showError$14(WhiteboardClient.java:361)
	at java.desktop/java.awt.event.InvocationEvent.dispatch(InvocationEvent.java:318)
	at java.desktop/java.awt.EventQueue.dispatchEventImpl(EventQueue.java:771)
	at java.desktop/java.awt.EventQueue$4.run(EventQueue.java:722)
	at java.desktop/java.awt.EventQueue$4.run(EventQueue.java:716)
	at java.base/java.security.AccessController.doPrivileged(AccessController.java:399)
	at java.base/java.security.ProtectionDomain$JavaSecurityAccessImpl.doIntersectionPrivilege(ProtectionDomain.java:86)
	at java.desktop/java.awt.EventQueue.dispatchEvent(EventQueue.java:741)
	at java.desktop/java.awt.EventDispatchThread.pumpOneEventForFilters(EventDispatchThread.java:203)
	at java.desktop/java.awt.EventDispatchThread.pumpEventsForFilter(EventDispatchThread.java:124)
	at java.desktop/java.awt.EventDispatchThread.pumpEventsForHierarchy(EventDispatchThread.java:113)
	at java.desktop/java.awt.EventDispatchThread.pumpEvents(EventDispatchThread.java:109)
	at java.desktop/java.awt.EventDispatchThread.pumpEvents(EventDispatchThread.java:101)
	at java.desktop/java.awt.EventDispatchThread.run(EventDispatchThread.java:90)
