[2025-05-01 15:53:35] Log file initialized: D:\SyncBoard\logs\syncboard_2025-05-01_15-53-35.log
Could not find icon: app_icon.png
Could not find icon: user.png
Could not find icon: select.png
Could not find icon: pen.png
Could not find icon: line.png
Could not find icon: rectangle.png
Could not find icon: oval.png
Could not find icon: text.png
Could not find icon: eraser.png
Could not find icon: color_picker.png
Could not find icon: fill.png
Could not find icon: font.png
Could not find icon: grid.png
Could not find icon: new.png
Could not find icon: exit.png
Could not find icon: zoom_in.png
Could not find icon: zoom_out.png
Could not find icon: zoom_reset.png
Could not find icon: about.png
Could not find icon: user.png
Could not find icon: user.png
Could not find icon: user.png
Could not find icon: user.png
Could not find icon: user.png
Could not find icon: user.png
Could not find icon: user.png
Could not find icon: user.png
Could not find icon: user.png
Could not find icon: user.png
Could not find icon: user.png
Could not find icon: user.png
Could not find icon: user.png
Could not find icon: user.png
Could not find icon: user.png
Could not find icon: user.png
Could not find icon: user.png
Could not find icon: user.png
Could not find icon: user.png
Could not find icon: user.png
Could not find icon: user.png
Could not find icon: user.png
Could not find icon: user.png
Could not find icon: user.png
Could not find icon: user.png
Could not find icon: user.png
Could not find icon: user.png
Could not find icon: user.png
Could not find icon: user.png
Could not find icon: user.png
Could not find icon: user.png
Could not find icon: user.png
Could not find icon: user.png
Could not find icon: user.png
Could not find icon: user.png
Could not find icon: user.png
Could not find icon: user.png
Could not find icon: user.png
Could not find icon: user.png
Could not find icon: user.png
Could not find icon: user.png
Could not find icon: user.png
Could not find icon: user.png
Could not find icon: user.png
Could not find icon: user.png
Could not find icon: user.png
Could not find icon: user.png
Could not find icon: user.png
Could not find icon: user.png
Could not find icon: user.png
Could not find icon: user.png
Could not find icon: user.png
Could not find icon: user.png
Could not find icon: user.png
Could not find icon: user.png
Could not find icon: user.png
Could not find icon: user.png
Could not find icon: user.png
Could not find icon: user.png
Could not find icon: user.png
Could not find icon: user.png
Could not find icon: user.png
Could not find icon: user.png
Could not find icon: user.png
Could not find icon: user.png
Could not find icon: user.png
Could not find icon: user.png
Could not find icon: user.png
Could not find icon: user.png
Could not find icon: user.png
Could not find icon: user.png
Could not find icon: user.png
Could not find icon: user.png
Could not find icon: user.png
Could not find icon: user.png
Could not find icon: user.png
Could not find icon: user.png
Could not find icon: user.png
Could not find icon: user.png
Could not find icon: user.png
Could not find icon: user.png
Could not find icon: user.png
Could not find icon: user.png
Could not find icon: user.png
Could not find icon: user.png
Could not find icon: user.png
Could not find icon: user.png
Could not find icon: user.png
Could not find icon: app_icon.png
